time=2025-05-19T14:07:56.102+08:00 level=ERROR source=github.com/go-musicfox/go-musicfox/internal/lastfm/api.go:51 msg="Lastfm other err" error="lastfm key或secret为空\ngithub.com/go-musicfox/go-musicfox/internal/lastfm.NewClient\n\tgithub.com/go-musicfox/go-musicfox/internal/lastfm/api.go:27\ngithub.com/go-musicfox/go-musicfox/internal/ui.NewNetease\n\tgithub.com/go-musicfox/go-musicfox/internal/ui/netease.go:46\ngithub.com/go-musicfox/go-musicfox/internal/commands.runPlayer\n\tgithub.com/go-musicfox/go-musicfox/internal/commands/netease.go:45\ngithub.com/gookit/gcli/v2.(*Command).execute\n\tgithub.com/gookit/gcli/v2@v2.3.4/cmd.go:243\ngithub.com/gookit/gcli/v2.(*App).doRun\n\tgithub.com/gookit/gcli/v2@v2.3.4/app_run.go:173\ngithub.com/gookit/gcli/v2.(*App).Run\n\tgithub.com/gookit/gcli/v2@v2.3.4/app_run.go:126\nmain.musicfox\n\t./musicfox.go:59\ngithub.com/go-musicfox/go-musicfox/internal/runtime.Run\n\tgithub.com/go-musicfox/go-musicfox/internal/runtime/runtime.go:12\nmain.main\n\t./musicfox.go:19\nruntime.main\n\truntime/proc.go:283\nruntime.goexit\n\truntime/asm_amd64.s:1700"
time=2025-05-19T14:07:56.281+08:00 level=WARN source=github.com/go-musicfox/go-musicfox/internal/player/mpd_player.go:79 msg="MPD kill失败" error="exit status 1" detail="exception: unable to read the pid from file \"/home/Dustwind/.config/mpd/mpd.pid\": No such file or directory\n"
time=2025-05-19T14:08:03.391+08:00 level=INFO source=github.com/go-musicfox/go-musicfox/utils/storagex/cache.go:102 msg="get play url of song" song=1943412269 level=higher
time=2025-05-19T14:08:03.626+08:00 level=INFO source=github.com/go-musicfox/go-musicfox/utils/storagex/cache.go:141 msg="music size" size="5.06 MB"
time=2025-05-19T14:08:03.626+08:00 level=INFO source=github.com/go-musicfox/go-musicfox/internal/ui/player.go:460 msg="Start play song" url="http://m701.music.126.net/20250519143303/0425c88baa2f255d6db632e71bac2242/jdymusic/obj/wo3DlMOGwrbDjj7DisKw/14220065895/0390/b0d3/b3f9/310b29b4d5a5a1abf31f1c1429dc3fe0.mp3?vuutv=GISrvLRm7ispi7cXrZDm1JYdqekMtiPBWO0ZqDlFZL9+7m0rt/7ZU3Tw4esisQOZ/S+NTECQeu14+le48kK4azQ6vKMnuOozIHi3yMKOveA=" type=mp3 song="{Id:1943412269 Name:BLUE ROSE Alg: Duration:3m41.142s Artists:[{Id:16569 Name:春奈るな}] Album:{Id:144288756 Name:BLUE ROSE PicUrl:http://p1.music.126.net/VjzCI2LCTW9YmLpdOUWoVQ==/109951167364070951.jpg Artists:[]}}"
time=2025-05-19T14:08:03.768+08:00 level=ERROR source=github.com/go-musicfox/go-musicfox/internal/player/mpd_player.go:32 msg="mpdPlayer caught err" error="command 'setvol' failed: Failed to set mixer for \"My Pulse Output\"; disconnected"
time=2025-05-19T14:08:03.769+08:00 level=ERROR source=github.com/go-musicfox/go-musicfox/internal/player/mpd_player.go:32 msg="mpdPlayer caught err" error="command 'setvol' failed: Failed to set mixer for \"My Pulse Output\"; disconnected"
time=2025-05-19T14:08:05.407+08:00 level=INFO source=:0 msg="UnGzip error: gzip: invalid header"
time=2025-05-19T14:08:10.024+08:00 level=ERROR source=github.com/go-musicfox/go-musicfox/internal/player/mpd_player.go:32 msg="mpdPlayer caught err" error="command 'seekcur' failed: Not seekable"
time=2025-05-19T14:08:13.390+08:00 level=ERROR source=github.com/go-musicfox/go-musicfox/internal/player/mpd_player.go:32 msg="mpdPlayer caught err" error="command 'seekcur' failed: Not seekable"
time=2025-05-19T14:11:45.004+08:00 level=INFO source=github.com/go-musicfox/go-musicfox/utils/storagex/cache.go:102 msg="get play url of song" song=1459037634 level=higher
time=2025-05-19T14:11:45.213+08:00 level=INFO source=github.com/go-musicfox/go-musicfox/utils/storagex/cache.go:141 msg="music size" size="3.23 MB"
time=2025-05-19T14:11:45.213+08:00 level=INFO source=github.com/go-musicfox/go-musicfox/internal/ui/player.go:460 msg="Start play song" url="http://m7.music.126.net/20250519143645/75758da2e181dd2f05968c8fa9ff751c/ymusic/obj/w5zDlMODwrDDiGjCn8Ky/3049582724/9fd7/aeb7/6c3d/207bae9698f3aa68dea68e5c261d84bb.mp3?vuutv=WHSIcCCxVzVKM7b1GFPJ1WrNxN/Xi0jxfQPnSXSbIr92ZUwDWsmCz3EeMs2DUN8jg4ptHjPhw1FywDwDaXZ/PrVcJ5b7AK9YdjoJ8vPALcg=" type=mp3 song="{Id:1459037634 Name:Lia=Fail Alg: Duration:2m21.008s Artists:[{Id:1087239 Name:Team Grimoire}] Album:{Id:91699937 Name:Maimai Memorial Soundtrack PANDORA BOXXX PLUS PicUrl:http://p1.music.126.net/5Jb-rFzn657TIm1jzojk5A==/109951165098711210.jpg Artists:[]}}"
time=2025-05-19T14:14:06.406+08:00 level=INFO source=github.com/go-musicfox/go-musicfox/utils/storagex/cache.go:102 msg="get play url of song" song=495686 level=higher
time=2025-05-19T14:14:06.616+08:00 level=INFO source=github.com/go-musicfox/go-musicfox/utils/storagex/cache.go:141 msg="music size" size="6.28 MB"
time=2025-05-19T14:14:06.616+08:00 level=INFO source=github.com/go-musicfox/go-musicfox/internal/ui/player.go:460 msg="Start play song" url="http://m7.music.126.net/20250519143906/b98789699889188d447ee4e325309eb3/ymusic/3d25/4623/649b/cf4043d92b058a4ce4ce2c47c74c5a30.mp3?vuutv=fdIFIj2aVmF9kZDVHclX5dGlrhNCK1C6YWLFn9oQKGmLd1Qi4C2TdV6KN33tGLT1nyMfJ5/5dfjCnERKsiGN8ZBos0hFvP3TZYukfuB0ZHg=" type=mp3 song="{Id:495686 Name:星屑メソッド Alg: Duration:4m34s Artists:[{Id:15230 Name:一之瀬ユウ}] Album:{Id:47333 Name:pianythm PicUrl:http://p2.music.126.net/FUQx8a7WJEZ5REZWR_mUYQ==/889504906871055.jpg Artists:[]}}"
time=2025-05-19T14:14:12.951+08:00 level=INFO source=github.com/go-musicfox/go-musicfox/utils/storagex/cache.go:102 msg="get play url of song" song=28968019 level=higher
time=2025-05-19T14:14:13.017+08:00 level=INFO source=github.com/go-musicfox/go-musicfox/utils/storagex/cache.go:141 msg="music size" size="4.99 MB"
time=2025-05-19T14:14:13.017+08:00 level=INFO source=github.com/go-musicfox/go-musicfox/internal/ui/player.go:460 msg="Start play song" url="http://m7.music.126.net/20250519143912/1cb042fd5a9d081d23510f78b48412f9/ymusic/550e/0252/010c/bd4e18145e584e2134556f941e8a0524.mp3?vuutv=DNnPMR/m/7Elu2YFD6nLqZ5Iv0TkDW/xvbSB95rtBZj1ikBy7KWHcO0oD6+RR4dOKxJce7h3HTBayExXwigOcq3S8BZYvrK2TzIHZ6HBtEk=" type=mp3 song="{Id:28968019 Name:不思議な不思議なお祓い棒 Alg: Duration:3m37.986s Artists:[{Id:19165 Name:dBu music}] Album:{Id:2964005 Name:逆弾奏結界 反逆諧謔曲 Reversal Scherzo PicUrl:http://p1.music.126.net/shbsbF5kqMUEBGqBn66f0g==/8973114394299043.jpg Artists:[]}}"
time=2025-05-19T14:14:13.135+08:00 level=ERROR source=github.com/go-musicfox/go-musicfox/internal/player/mpd_player.go:32 msg="mpdPlayer caught err" error="command 'setvol' failed: Failed to set mixer for \"My Pulse Output\"; disconnected"
time=2025-05-19T14:14:13.136+08:00 level=ERROR source=github.com/go-musicfox/go-musicfox/internal/player/mpd_player.go:32 msg="mpdPlayer caught err" error="command 'setvol' failed: Failed to set mixer for \"My Pulse Output\"; disconnected"
time=2025-05-19T14:14:16.210+08:00 level=INFO source=github.com/go-musicfox/go-musicfox/utils/storagex/cache.go:102 msg="get play url of song" song=1910425892 level=higher
time=2025-05-19T14:14:16.279+08:00 level=INFO source=github.com/go-musicfox/go-musicfox/utils/storagex/cache.go:141 msg="music size" size="2.67 MB"
time=2025-05-19T14:14:16.279+08:00 level=INFO source=github.com/go-musicfox/go-musicfox/internal/ui/player.go:460 msg="Start play song" url="http://m701.music.126.net/20250519143916/a8680c23d18ae770a9398d41d902f951/jdymusic/obj/wo3DlMOGwrbDjj7DisKw/11786400617/feee/e9a9/0225/d5d6aa640fadd95ba9ad4978549a798b.mp3?vuutv=u0QzEYitiSSEXxDhga3OOTSCk953c8LZUsE64wQTuEZLok1hqOTylR8lTfNzkyYiu5xKOCU2TN6JcwXVHWTe9tfqpDxsXjIZqPza8rdyAuI=" type=mp3 song="{Id:1910425892 Name:Snow Dance Alg: Duration:1m56.502s Artists:[{Id:37129496 Name:悠叶いのり}] Album:{Id:136557265 Name:Sakura Shirone PicUrl:http://p1.music.126.net/E_ghW3hFc1-bA6_cdG8RtQ==/109951166654207509.jpg Artists:[]}}"
time=2025-05-19T14:14:16.446+08:00 level=ERROR source=github.com/go-musicfox/go-musicfox/internal/player/mpd_player.go:32 msg="mpdPlayer caught err" error="command 'setvol' failed: Failed to set mixer for \"My Pulse Output\"; disconnected"
time=2025-05-19T14:14:16.447+08:00 level=ERROR source=github.com/go-musicfox/go-musicfox/internal/player/mpd_player.go:32 msg="mpdPlayer caught err" error="command 'setvol' failed: Failed to set mixer for \"My Pulse Output\"; disconnected"
time=2025-05-19T14:16:12.999+08:00 level=INFO source=github.com/go-musicfox/go-musicfox/utils/storagex/cache.go:102 msg="get play url of song" song=34613484 level=higher
time=2025-05-19T14:16:13.382+08:00 level=INFO source=:0 msg="UnGzip error: gzip: invalid header"
time=2025-05-19T14:16:13.382+08:00 level=INFO source=github.com/cnsilvan/UnblockNeteaseMusic@v0.0.0-20230310083816-92b59c95a366/provider/provider.go:68 msg="find song info" music="{Quality:ExHigh(2) Id:34613484}"
time=2025-05-19T14:16:13.537+08:00 level=INFO source=github.com/cnsilvan/UnblockNeteaseMusic@v0.0.0-20230310083816-92b59c95a366/provider/provider.go:163 msg="search song:五月の魔法 Kalafina"
time=2025-05-19T14:16:15.756+08:00 level=INFO source=github.com/cnsilvan/UnblockNeteaseMusic@v0.0.0-20230310083816-92b59c95a366/provider/provider.go:197 msg=consumed time=2.219501062s
time=2025-05-19T14:16:15.756+08:00 level=INFO source=github.com/cnsilvan/UnblockNeteaseMusic@v0.0.0-20230310083816-92b59c95a366/provider/provider.go:165 msg="{\"Id\":\"34613484\",\"Size\":11900577,\"Br\":320000,\"Url\":\"http://lw.sycdn.kuwo.cn/3fcf446d7a3d2afe62a63bbd2687a01f/682accae/resource/30106/trackmedia/M800002j8LlE4LWWDk.mp3?bitrate\",\"Md5\":\"\",\"Name\":\"五月の魔法\",\"Artist\":\"Kalafina\",\"AlbumName\":\"far on the water\",\"MatchScore\":1,\"Source\":\"kuwo\"}\n"
time=2025-05-19T14:16:15.757+08:00 level=INFO source=github.com/go-musicfox/go-musicfox/utils/storagex/cache.go:141 msg="music size" size="11.35 MB"
time=2025-05-19T14:16:15.757+08:00 level=INFO source=github.com/go-musicfox/go-musicfox/internal/ui/player.go:460 msg="Start play song" url=http://lw.sycdn.kuwo.cn/3fcf446d7a3d2afe62a63bbd2687a01f/682accae/resource/30106/trackmedia/M800002j8LlE4LWWDk.mp3?bitrate type=mp3 song="{Id:34613484 Name:五月の魔法 Alg: Duration:4m57.517s Artists:[{Id:20032 Name:Kalafina}] Album:{Id:3279994 Name:far on the water PicUrl:http://p1.music.126.net/kXhP45zI1OTOpWZqhXgcGQ==/109951166201021626.jpg Artists:[]}}"
time=2025-05-19T14:16:15.856+08:00 level=ERROR source=github.com/go-musicfox/go-musicfox/internal/player/mpd_player.go:32 msg="mpdPlayer caught err" error="command 'setvol' failed: Failed to set mixer for \"My Pulse Output\"; disconnected"
time=2025-05-19T14:16:15.857+08:00 level=ERROR source=github.com/go-musicfox/go-musicfox/internal/player/mpd_player.go:32 msg="mpdPlayer caught err" error="command 'setvol' failed: Failed to set mixer for \"My Pulse Output\"; disconnected"
time=2025-05-19T14:21:14.012+08:00 level=INFO source=github.com/go-musicfox/go-musicfox/utils/storagex/cache.go:102 msg="get play url of song" song=1904261851 level=higher
time=2025-05-19T14:21:14.235+08:00 level=INFO source=github.com/go-musicfox/go-musicfox/utils/storagex/cache.go:141 msg="music size" size="3.39 MB"
time=2025-05-19T14:21:14.235+08:00 level=INFO source=github.com/go-musicfox/go-musicfox/internal/ui/player.go:460 msg="Start play song" url="http://m701.music.126.net/20250519144614/1646fa14a74da4f0b1192fe8917f2982/jdymusic/obj/wo3DlMOGwrbDjj7DisKw/12146002827/eba0/2dd1/2586/c9e810d95fd53d943a76b99d17e848fe.mp3?vuutv=rTQdJE2fX7LU5PY2P3CwqsdMZpso+6pjGUk8JmJHgVqKPTg6k2gIGFO5cK6DrTw5tV0IHwbC3roCOEihWQZTDcZLIYiLlq3foBHFU+QWMwo=" type=mp3 song="{Id:1904261851 Name:Dimension Hacker Alg: Duration:2m28.211s Artists:[{Id:11977133 Name:Kobaryo}] Album:{Id:137633510 Name:Dimension Hacker PicUrl:http://p2.music.126.net/Inuh0xQkiKbQIBqyPBZo4g==/109951166739435112.jpg Artists:[]}}"
time=2025-05-19T14:21:14.421+08:00 level=ERROR source=github.com/go-musicfox/go-musicfox/internal/player/mpd_player.go:32 msg="mpdPlayer caught err" error="command 'setvol' failed: Failed to set mixer for \"My Pulse Output\"; disconnected"
time=2025-05-19T14:21:14.422+08:00 level=ERROR source=github.com/go-musicfox/go-musicfox/internal/player/mpd_player.go:32 msg="mpdPlayer caught err" error="command 'setvol' failed: Failed to set mixer for \"My Pulse Output\"; disconnected"
time=2025-05-19T14:23:42.700+08:00 level=INFO source=github.com/go-musicfox/go-musicfox/utils/storagex/cache.go:102 msg="get play url of song" song=2059775155 level=higher
time=2025-05-19T14:23:42.831+08:00 level=INFO source=github.com/go-musicfox/go-musicfox/utils/storagex/cache.go:141 msg="music size" size="2.41 MB"
time=2025-05-19T14:23:42.831+08:00 level=INFO source=github.com/go-musicfox/go-musicfox/internal/ui/player.go:460 msg="Start play song" url="http://m701.music.126.net/20250519144842/3190b76f93da98509d02e430091a27a6/jdymusic/obj/wo3DlMOGwrbDjj7DisKw/29087502486/0220/ecae/9956/e2e09b7371a1739638818122dc54c86d.mp3?vuutv=uEh5kiQLVcfjfqd3gq9xDcATW5CcaHy7CBjpZLHp8xJnqQ/EoJE6PUPuoB/00tcFgHZ7KmptE+fWx7ne4/ZBRzY9kjTq1pmD5wnsjQNAfM4=" type=mp3 song="{Id:2059775155 Name:fragments.arc Alg: Duration:2m38.171s Artists:[{Id:31464433 Name:rN}] Album:{Id:168585991 Name:fragments.arc PicUrl:http://p1.music.126.net/G3mqLFdpJWrWhz4Qs9Q38A==/109951168705837025.jpg Artists:[]}}"
time=2025-05-19T14:23:43.060+08:00 level=ERROR source=github.com/go-musicfox/go-musicfox/internal/player/mpd_player.go:32 msg="mpdPlayer caught err" error="command 'setvol' failed: Failed to set mixer for \"My Pulse Output\"; disconnected"
time=2025-05-19T14:23:43.060+08:00 level=ERROR source=github.com/go-musicfox/go-musicfox/internal/player/mpd_player.go:32 msg="mpdPlayer caught err" error="command 'setvol' failed: Failed to set mixer for \"My Pulse Output\"; disconnected"
time=2025-05-19T14:26:21.293+08:00 level=INFO source=github.com/go-musicfox/go-musicfox/utils/storagex/cache.go:102 msg="get play url of song" song=722278 level=higher
time=2025-05-19T14:26:21.450+08:00 level=INFO source=github.com/go-musicfox/go-musicfox/utils/storagex/cache.go:141 msg="music size" size="6.51 MB"
time=2025-05-19T14:26:21.450+08:00 level=INFO source=github.com/go-musicfox/go-musicfox/internal/ui/player.go:460 msg="Start play song" url="http://m801.music.126.net/20250519145121/d945eae1049c6d26fa1e50e19a19492b/jdymusic/obj/wo3DlMOGwrbDjj7DisKw/57949574910/a418/1734/e547/a1012ff9573eb204a4dfe6505c1d9748.mp3?vuutv=B18XsuOKOhJ2C87Vc26RjIDEMrwwpqJHX6a/o6VSj6N4FEAUAmWCVGTdD/oZIVsMyjuzceATIa6ftSi53l27uXQotO7Jgb0Rsuog6H9qEEQ=" type=mp3 song="{Id:722278 Name:Act Beloved (feat. Salita) Alg: Duration:4m44.5s Artists:[{Id:22279 Name:void}] Album:{Id:70752 Name:Altersist PicUrl:http://p1.music.126.net/-ePzlKaFlA0Pc7GW9hr8EQ==/109951170514473426.jpg Artists:[]}}"
